2024-11-14 10:34:50 INFO  cic.cs.unb.ca.jnetpcap.worker.TrafficFlowWorker    Pcap is listening...
2024-11-14 10:34:55 DEBUG cic.cs.unb.ca.jnetpcap.FlowGenerator    FlagFIN current has 10 flow
2024-11-14 11:24:53 INFO  cic.cs.unb.ca.jnetpcap.worker.TrafficFlowWorker    Pcap is listening...
2024-11-14 11:25:13 INFO  cic.cs.unb.ca.flow.ui.FlowMonitorPane    path:D:\Flask\CICFlowmeter\bin\data\daily\2024-11-14_Flow.csv
2024-11-14 11:25:42 INFO  cic.cs.unb.ca.jnetpcap.worker.TrafficFlowWorker    Pcap is listening...
2024-11-14 11:25:45 INFO  cic.cs.unb.ca.flow.ui.FlowMonitorPane    path:D:\Flask\CICFlowmeter\bin\data\daily\2024-11-14_Flow.csv
2024-11-14 11:29:11 INFO  cic.cs.unb.ca.jnetpcap.worker.TrafficFlowWorker    Pcap is listening...
2024-11-14 11:29:15 INFO  cic.cs.unb.ca.flow.ui.FlowMonitorPane    path:D:\Flask\CICFlowmeter\bin\data\daily\2024-11-14_Flow.csv
2024-11-14 11:30:21 INFO  cic.cs.unb.ca.jnetpcap.worker.TrafficFlowWorker    Pcap is listening...
2024-11-14 11:30:25 INFO  cic.cs.unb.ca.flow.ui.FlowMonitorPane    path:D:\Flask\CICFlowmeter\bin\data\daily\2024-11-14_Flow.csv
2024-11-14 11:33:55 INFO  cic.cs.unb.ca.jnetpcap.worker.TrafficFlowWorker    Pcap is listening...
2024-11-14 11:34:09 DEBUG cic.cs.unb.ca.jnetpcap.FlowGenerator    FlagFIN current has 4 flow
2024-11-14 11:34:09 DEBUG cic.cs.unb.ca.jnetpcap.FlowGenerator    FlagFIN current has 3 flow
2024-11-14 11:34:09 DEBUG cic.cs.unb.ca.jnetpcap.FlowGenerator    FlagFIN current has 2 flow
2024-11-14 11:34:09 DEBUG cic.cs.unb.ca.jnetpcap.worker.InsertCsvRow    D:\Flask\CICFlowmeter\bin\data\daily\2024-11-14_Flow.csv (The process cannot access the file because it is being used by another process)
2024-11-14 11:34:09 DEBUG cic.cs.unb.ca.jnetpcap.worker.InsertCsvRow    D:\Flask\CICFlowmeter\bin\data\daily\2024-11-14_Flow.csv (The process cannot access the file because it is being used by another process)
2024-11-14 11:34:09 DEBUG cic.cs.unb.ca.jnetpcap.worker.InsertCsvRow    D:\Flask\CICFlowmeter\bin\data\daily\2024-11-14_Flow.csv (The process cannot access the file because it is being used by another process)
2024-11-14 11:34:11 INFO  cic.cs.unb.ca.flow.ui.FlowMonitorPane    path:D:\Flask\CICFlowmeter\bin\data\daily\2024-11-14_Flow.csv
2024-11-14 12:05:21 INFO  cic.cs.unb.ca.jnetpcap.worker.TrafficFlowWorker    Pcap is listening...
2024-11-14 12:05:43 INFO  cic.cs.unb.ca.flow.ui.FlowMonitorPane    path:D:\Flask\CICFlowmeter\bin\data\daily\2024-11-14_Flow.csv
2024-11-14 12:06:18 INFO  cic.cs.unb.ca.jnetpcap.worker.TrafficFlowWorker    Pcap is listening...
2024-11-14 12:06:45 INFO  cic.cs.unb.ca.flow.ui.FlowMonitorPane    path:D:\Flask\CICFlowmeter\bin\data\daily\2024-11-14_Flow.csv
2024-11-14 12:06:46 DEBUG cic.cs.unb.ca.jnetpcap.worker.TrafficFlowWorker    break Packet loop
2024-11-14 12:06:46 INFO  cic.cs.unb.ca.flow.ui.FlowMonitorPane    Pcap stop listening
2024-11-14 12:20:11 INFO  cic.cs.unb.ca.jnetpcap.worker.TrafficFlowWorker    Pcap is listening...
2024-11-14 12:23:29 INFO  cic.cs.unb.ca.jnetpcap.worker.TrafficFlowWorker    Pcap is listening...
2024-11-14 12:23:49 DEBUG cic.cs.unb.ca.jnetpcap.FlowGenerator    FlagFIN current has 6 flow
2024-11-14 12:23:49 DEBUG cic.cs.unb.ca.jnetpcap.worker.InsertCsvRow    D:\Flask\CICFlowmeter\bin\data\daily\2024-11-14_Flow.csv (The process cannot access the file because it is being used by another process)
2024-11-14 12:23:56 INFO  cic.cs.unb.ca.flow.ui.FlowMonitorPane    path:D:\Flask\CICFlowmeter\bin\data\daily\2024-11-14_Flow.csv
2024-11-14 12:24:06 DEBUG cic.cs.unb.ca.jnetpcap.worker.TrafficFlowWorker    break Packet loop
2024-11-14 12:24:06 INFO  cic.cs.unb.ca.flow.ui.FlowMonitorPane    Pcap stop listening
2024-11-14 12:25:10 INFO  cic.cs.unb.ca.jnetpcap.worker.TrafficFlowWorker    Pcap is listening...
2024-11-14 12:26:03 INFO  cic.cs.unb.ca.flow.ui.FlowMonitorPane    path:D:\Flask\CICFlowmeter\bin\data\daily\2024-11-14_Flow.csv
2024-11-14 12:26:31 INFO  cic.cs.unb.ca.jnetpcap.worker.TrafficFlowWorker    Pcap is listening...
2024-11-14 12:28:17 INFO  cic.cs.unb.ca.jnetpcap.worker.TrafficFlowWorker    Pcap is listening...
2024-11-14 12:34:41 INFO  cic.cs.unb.ca.jnetpcap.worker.TrafficFlowWorker    Pcap is listening...
2024-11-14 12:34:44 DEBUG cic.cs.unb.ca.jnetpcap.FlowGenerator    FlagFIN current has 5 flow
2024-11-14 12:34:44 DEBUG cic.cs.unb.ca.jnetpcap.FlowGenerator    FlagFIN current has 13 flow
2024-11-14 12:34:44 DEBUG cic.cs.unb.ca.jnetpcap.worker.InsertCsvRow    D:\Flask\CICFlowmeter\bin\data\daily\2024-11-14_Flow.csv (The process cannot access the file because it is being used by another process)
2024-11-14 12:34:44 DEBUG cic.cs.unb.ca.jnetpcap.worker.InsertCsvRow    D:\Flask\CICFlowmeter\bin\data\daily\2024-11-14_Flow.csv (The process cannot access the file because it is being used by another process)
2024-11-14 12:34:46 DEBUG cic.cs.unb.ca.jnetpcap.FlowGenerator    FlagFIN current has 40 flow
2024-11-14 12:34:46 DEBUG cic.cs.unb.ca.jnetpcap.worker.InsertCsvRow    D:\Flask\CICFlowmeter\bin\data\daily\2024-11-14_Flow.csv (The process cannot access the file because it is being used by another process)
2024-11-14 12:34:47 DEBUG cic.cs.unb.ca.jnetpcap.FlowGenerator    FlagFIN current has 55 flow
2024-11-14 12:34:47 DEBUG cic.cs.unb.ca.jnetpcap.worker.InsertCsvRow    D:\Flask\CICFlowmeter\bin\data\daily\2024-11-14_Flow.csv (The process cannot access the file because it is being used by another process)
2024-11-14 12:34:49 DEBUG cic.cs.unb.ca.jnetpcap.FlowGenerator    FlagFIN current has 107 flow
2024-11-14 12:34:49 DEBUG cic.cs.unb.ca.jnetpcap.worker.InsertCsvRow    D:\Flask\CICFlowmeter\bin\data\daily\2024-11-14_Flow.csv (The process cannot access the file because it is being used by another process)
2024-11-14 12:34:52 INFO  cic.cs.unb.ca.flow.ui.FlowMonitorPane    path:D:\Flask\CICFlowmeter\bin\data\daily\2024-11-14_Flow.csv
2024-11-14 12:34:52 DEBUG cic.cs.unb.ca.jnetpcap.worker.TrafficFlowWorker    break Packet loop
2024-11-14 12:34:53 INFO  cic.cs.unb.ca.flow.ui.FlowMonitorPane    Pcap stop listening
2024-11-14 12:41:29 INFO  cic.cs.unb.ca.jnetpcap.worker.TrafficFlowWorker    Pcap is listening...
2024-11-14 12:45:11 INFO  cic.cs.unb.ca.jnetpcap.worker.TrafficFlowWorker    Pcap is listening...
2024-11-14 12:45:28 DEBUG cic.cs.unb.ca.jnetpcap.FlowGenerator    FlagFIN current has 20 flow
2024-11-14 12:45:28 DEBUG cic.cs.unb.ca.jnetpcap.FlowGenerator    FlagFIN current has 20 flow
2024-11-14 12:45:32 INFO  cic.cs.unb.ca.flow.ui.FlowMonitorPane    path:D:\Flask\CICFlowmeter\bin\data\daily\2024-11-14_Flow.csv
2024-11-14 12:45:35 DEBUG cic.cs.unb.ca.jnetpcap.worker.TrafficFlowWorker    break Packet loop
2024-11-14 12:45:35 INFO  cic.cs.unb.ca.flow.ui.FlowMonitorPane    Pcap stop listening
2024-11-14 13:13:56 INFO  cic.cs.unb.ca.jnetpcap.worker.TrafficFlowWorker    Pcap is listening...
2024-11-14 13:13:59 DEBUG cic.cs.unb.ca.jnetpcap.FlowGenerator    FlagFIN current has 3 flow
2024-11-14 13:13:59 DEBUG cic.cs.unb.ca.jnetpcap.FlowGenerator    FlagFIN current has 5 flow
2024-11-14 13:13:59 DEBUG cic.cs.unb.ca.jnetpcap.FlowGenerator    FlagFIN current has 4 flow
2024-11-14 13:13:59 DEBUG cic.cs.unb.ca.jnetpcap.FlowGenerator    FlagFIN current has 5 flow
2024-11-14 13:13:59 DEBUG cic.cs.unb.ca.jnetpcap.FlowGenerator    FlagFIN current has 4 flow
2024-11-14 13:13:59 DEBUG cic.cs.unb.ca.jnetpcap.FlowGenerator    FlagFIN current has 8 flow
2024-11-14 13:13:59 DEBUG cic.cs.unb.ca.jnetpcap.FlowGenerator    FlagFIN current has 7 flow
2024-11-14 13:13:59 DEBUG cic.cs.unb.ca.jnetpcap.FlowGenerator    FlagFIN current has 6 flow
2024-11-14 13:14:03 DEBUG cic.cs.unb.ca.jnetpcap.FlowGenerator    FlagFIN current has 20 flow
2024-11-14 13:14:03 DEBUG cic.cs.unb.ca.jnetpcap.FlowGenerator    FlagFIN current has 19 flow
2024-11-14 13:14:03 DEBUG cic.cs.unb.ca.jnetpcap.FlowGenerator    FlagFIN current has 18 flow
2024-11-14 13:14:03 DEBUG cic.cs.unb.ca.jnetpcap.FlowGenerator    FlagFIN current has 17 flow
2024-11-14 13:14:03 DEBUG cic.cs.unb.ca.jnetpcap.FlowGenerator    FlagFIN current has 18 flow
2024-11-14 13:14:03 DEBUG cic.cs.unb.ca.jnetpcap.FlowGenerator    FlagFIN current has 17 flow
2024-11-14 13:14:06 INFO  cic.cs.unb.ca.flow.ui.FlowMonitorPane    path:D:\Flask\CICFlowmeter\bin\data\daily\2024-11-14_Flow.csv
2024-11-14 13:14:09 DEBUG cic.cs.unb.ca.jnetpcap.worker.TrafficFlowWorker    break Packet loop
2024-11-14 13:14:09 INFO  cic.cs.unb.ca.flow.ui.FlowMonitorPane    Pcap stop listening
2024-11-14 13:15:28 INFO  cic.cs.unb.ca.jnetpcap.worker.TrafficFlowWorker    Pcap is listening...
2024-11-14 13:15:48 DEBUG cic.cs.unb.ca.jnetpcap.FlowGenerator    FlagFIN current has 2 flow
2024-11-14 13:16:09 DEBUG cic.cs.unb.ca.jnetpcap.FlowGenerator    FlagFIN current has 12 flow
2024-11-14 13:16:09 DEBUG cic.cs.unb.ca.jnetpcap.FlowGenerator    FlagFIN current has 11 flow
2024-11-14 13:16:09 DEBUG cic.cs.unb.ca.jnetpcap.FlowGenerator    FlagFIN current has 12 flow
2024-11-14 13:16:09 DEBUG cic.cs.unb.ca.jnetpcap.FlowGenerator    FlagFIN current has 11 flow
2024-11-14 13:16:09 DEBUG cic.cs.unb.ca.jnetpcap.FlowGenerator    FlagFIN current has 10 flow
2024-11-14 13:16:09 DEBUG cic.cs.unb.ca.jnetpcap.FlowGenerator    FlagFIN current has 9 flow
2024-11-14 13:16:14 INFO  cic.cs.unb.ca.flow.ui.FlowMonitorPane    path:D:\Flask\CICFlowmeter\bin\data\daily\2024-11-14_Flow.csv
2024-11-14 13:16:23 DEBUG cic.cs.unb.ca.jnetpcap.worker.TrafficFlowWorker    break Packet loop
2024-11-14 13:16:23 INFO  cic.cs.unb.ca.flow.ui.FlowMonitorPane    Pcap stop listening
2024-11-14 13:17:00 INFO  cic.cs.unb.ca.jnetpcap.worker.TrafficFlowWorker    Pcap is listening...
2024-11-14 13:18:18 INFO  cic.cs.unb.ca.flow.ui.FlowMonitorPane    path:D:\Flask\CICFlowmeter\bin\data\daily\2024-11-14_Flow.csv
2024-11-14 13:18:26 INFO  cic.cs.unb.ca.jnetpcap.worker.TrafficFlowWorker    Pcap is listening...
2024-11-14 13:18:54 INFO  cic.cs.unb.ca.jnetpcap.worker.TrafficFlowWorker    Pcap is listening...
2024-11-14 13:20:14 INFO  cic.cs.unb.ca.jnetpcap.worker.TrafficFlowWorker    Pcap is listening...
2024-11-14 13:28:43 INFO  cic.cs.unb.ca.flow.ui.FlowMonitorPane    path:D:\Flask\CICFlowmeter\bin\data\daily\2024-11-14_Flow.csv
2024-11-14 16:16:00 INFO  cic.cs.unb.ca.jnetpcap.worker.TrafficFlowWorker    Pcap is listening...
2024-11-14 16:18:25 INFO  cic.cs.unb.ca.flow.ui.FlowMonitorPane    path:D:\Flask\CICFlowmeter\bin\data\daily\2024-11-14_Flow.csv
2024-11-14 16:18:25 INFO  cic.cs.unb.ca.flow.ui.FlowMonitorPane    path:D:\Flask\CICFlowmeter\bin\data\daily\2024-11-14_Flow.csv
