2021-09-27 14:32:31 - Pcap is listening...
2021-09-27 14:35:48 - Pcap stop listening
2021-09-27 14:35:48 - path:D:\cicflowmeter-4\CICFlowMeter-4.0\bin\data\daily\2021-09-27_Flow.csv
2021-09-27 14:42:50 - path:D:\cicflowmeter-4\CICFlowMeter-4.0\bin\data\daily\2021-09-27_Flow.csv
2021-09-27 14:49:50 - Pcap is listening...
2021-09-27 14:52:55 - Pcap stop listening
2021-09-27 14:52:55 - path:C:\Users\Network Lab\Desktop\J L Shreya\CICFlowMeter and ISCXFlowMeter\cicflowmeter-4\CICFlowMeter-4.0\bin\data\daily\2021-09-27_Flow.csv
2021-09-27 14:53:05 - Pcap is listening...
2021-09-27 14:54:31 - Pcap stop listening
2021-09-27 14:54:31 - path:C:\Users\Network Lab\Desktop\J L Shreya\CICFlowMeter and ISCXFlowMeter\cicflowmeter-4\CICFlowMeter-4.0\bin\data\daily\2021-09-27_Flow.csv
2021-09-27 14:54:49 - path:C:\Users\Network Lab\Desktop\J L Shreya\CICFlowMeter and ISCXFlowMeter\cicflowmeter-4\CICFlowMeter-4.0\bin\data\daily\2021-09-27_Flow.csv
2021-09-27 14:54:49 - path:C:\Users\Network Lab\Desktop\J L Shreya\CICFlowMeter and ISCXFlowMeter\cicflowmeter-4\CICFlowMeter-4.0\bin\data\daily\2021-09-27_Flow.csv
2021-09-27 14:56:26 - Pcap is listening...
2021-09-27 16:01:14 - Pcap stop listening
2021-09-27 16:01:14 - path:C:\Users\Network Lab\Desktop\J L Shreya\CICFlowMeter and ISCXFlowMeter\cicflowmeter-4\CICFlowMeter-4.0\bin\data\daily\2021-09-27_Flow.csv
2021-09-29 19:01:19 - Pcap is listening...
2021-09-29 19:04:20 - Pcap stop listening
2021-09-29 19:04:20 - path:C:\Users\Network Lab\Desktop\J L Shreya\CICFlowMeter and ISCXFlowMeter\cicflowmeter-4\CICFlowMeter-4.0\bin\data\daily\2021-09-29_Flow.csv
2021-09-29 19:07:47 - path:C:\Users\Network Lab\Desktop\J L Shreya\CICFlowMeter and ISCXFlowMeter\cicflowmeter-4\CICFlowMeter-4.0\bin\data\daily\2021-09-29_Flow.csv
2021-12-19 20:29:20 - Pcap is listening...
2021-12-19 20:34:17 - Pcap stop listening
2021-12-19 20:34:17 - path:F:\CICFlowMeter-4.0\bin\data\daily\2021-12-19_Flow.csv
2021-12-19 20:40:47 - Pcap is listening...
2021-12-19 20:41:21 - Pcap stop listening
2021-12-19 20:41:22 - path:F:\CICFlowMeter-4.0\bin\data\daily\2021-12-19_Flow.csv
2023-04-02 20:15:04 - Please select pcap!
2023-04-02 20:24:48 - Pcap is listening...
2023-04-02 20:26:08 - Pcap stop listening
2023-04-02 20:26:08 - path:C:\Users\TribeConnect\Downloads\cicflowmeter\bin\data\daily\2023-04-02_Flow.csv
2023-04-02 20:26:11 - Pcap is listening...
2023-04-02 20:27:19 - Pcap stop listening
2023-04-02 20:27:19 - path:C:\Users\TribeConnect\Downloads\cicflowmeter\bin\data\daily\2023-04-02_Flow.csv
2023-04-02 20:27:20 - Pcap is listening...
2023-04-02 20:27:22 - Pcap stop listening
2023-04-02 20:27:22 - path:C:\Users\TribeConnect\Downloads\cicflowmeter\bin\data\daily\2023-04-02_Flow.csv
2024-11-14 10:34:50 - Pcap is listening...
2024-11-14 11:24:53 - Pcap is listening...
2024-11-14 11:25:13 - path:D:\Flask\CICFlowmeter\bin\data\daily\2024-11-14_Flow.csv
2024-11-14 11:25:42 - Pcap is listening...
2024-11-14 11:25:45 - path:D:\Flask\CICFlowmeter\bin\data\daily\2024-11-14_Flow.csv
2024-11-14 11:29:11 - Pcap is listening...
2024-11-14 11:29:15 - path:D:\Flask\CICFlowmeter\bin\data\daily\2024-11-14_Flow.csv
2024-11-14 11:30:21 - Pcap is listening...
2024-11-14 11:30:25 - path:D:\Flask\CICFlowmeter\bin\data\daily\2024-11-14_Flow.csv
2024-11-14 11:33:55 - Pcap is listening...
2024-11-14 11:34:11 - path:D:\Flask\CICFlowmeter\bin\data\daily\2024-11-14_Flow.csv
2024-11-14 12:05:21 - Pcap is listening...
2024-11-14 12:05:43 - path:D:\Flask\CICFlowmeter\bin\data\daily\2024-11-14_Flow.csv
2024-11-14 12:06:18 - Pcap is listening...
2024-11-14 12:06:45 - path:D:\Flask\CICFlowmeter\bin\data\daily\2024-11-14_Flow.csv
2024-11-14 12:06:46 - Pcap stop listening
2024-11-14 12:20:11 - Pcap is listening...
2024-11-14 12:23:29 - Pcap is listening...
2024-11-14 12:23:56 - path:D:\Flask\CICFlowmeter\bin\data\daily\2024-11-14_Flow.csv
2024-11-14 12:24:06 - Pcap stop listening
2024-11-14 12:25:10 - Pcap is listening...
2024-11-14 12:26:03 - path:D:\Flask\CICFlowmeter\bin\data\daily\2024-11-14_Flow.csv
2024-11-14 12:26:31 - Pcap is listening...
2024-11-14 12:28:17 - Pcap is listening...
2024-11-14 12:34:41 - Pcap is listening...
2024-11-14 12:34:52 - path:D:\Flask\CICFlowmeter\bin\data\daily\2024-11-14_Flow.csv
2024-11-14 12:34:53 - Pcap stop listening
2024-11-14 12:41:29 - Pcap is listening...
2024-11-14 12:45:11 - Pcap is listening...
2024-11-14 12:45:32 - path:D:\Flask\CICFlowmeter\bin\data\daily\2024-11-14_Flow.csv
2024-11-14 12:45:35 - Pcap stop listening
2024-11-14 13:13:56 - Pcap is listening...
2024-11-14 13:14:06 - path:D:\Flask\CICFlowmeter\bin\data\daily\2024-11-14_Flow.csv
2024-11-14 13:14:09 - Pcap stop listening
2024-11-14 13:15:28 - Pcap is listening...
2024-11-14 13:16:14 - path:D:\Flask\CICFlowmeter\bin\data\daily\2024-11-14_Flow.csv
2024-11-14 13:16:23 - Pcap stop listening
2024-11-14 13:17:00 - Pcap is listening...
2024-11-14 13:18:18 - path:D:\Flask\CICFlowmeter\bin\data\daily\2024-11-14_Flow.csv
2024-11-14 13:18:26 - Pcap is listening...
2024-11-14 13:18:54 - Pcap is listening...
2024-11-14 13:20:14 - Pcap is listening...
2024-11-14 13:28:43 - path:D:\Flask\CICFlowmeter\bin\data\daily\2024-11-14_Flow.csv
2024-11-14 16:16:00 - Pcap is listening...
2024-11-14 16:18:25 - path:D:\Flask\CICFlowmeter\bin\data\daily\2024-11-14_Flow.csv
2024-11-14 16:18:25 - path:D:\Flask\CICFlowmeter\bin\data\daily\2024-11-14_Flow.csv
2024-11-18 15:24:48 - Pcap is listening...
2024-11-18 15:25:03 - path:D:\Flask\CICFlowmeter\bin\data\daily\2024-11-18_Flow.csv
2024-11-18 15:25:03 - Pcap stop listening
2024-11-18 15:26:46 - Pcap is listening...
2024-11-18 15:27:35 - path:D:\Flask\CICFlowmeter\bin\data\daily\2024-11-18_Flow.csv
2024-11-18 15:27:54 - Pcap stop listening
2024-11-18 15:29:33 - Pcap is listening...
2024-11-18 15:30:20 - path:D:\Flask\CICFlowmeter\bin\data\daily\2024-11-18_Flow.csv
2024-11-18 15:30:22 - Pcap stop listening
2024-11-18 15:44:52 - Pcap is listening...
2024-11-18 15:45:45 - path:D:\Flask\CICFlowmeter\bin\data\daily\2024-11-18_Flow.csv
2024-11-18 15:46:02 - path:D:\Flask\CICFlowmeter\bin\data\daily\2024-11-18_Flow.csv
2024-11-18 15:47:30 - Pcap is listening...
2024-11-18 15:47:43 - path:D:\Flask\CICFlowmeter\bin\data\daily\2024-11-18_Flow.csv
2024-11-18 15:48:28 - Pcap is listening...
2024-11-18 15:48:32 - path:D:\Flask\CICFlowmeter\bin\data\daily\2024-11-18_Flow.csv
2024-11-18 15:48:32 - Pcap stop listening
2024-11-18 15:54:25 - Pcap is listening...
2024-11-18 15:54:46 - path:D:\Flask\CICFlowmeter\bin\data\daily\2024-11-18_Flow.csv
2024-11-18 15:54:46 - Pcap stop listening
2024-11-18 15:56:09 - Pcap is listening...
2024-11-18 15:56:41 - path:D:\Flask\CICFlowmeter\bin\data\daily\2024-11-18_Flow.csv
2024-11-18 15:58:47 - Pcap is listening...
2024-11-18 15:58:50 - path:D:\Flask\CICFlowmeter\bin\data\daily\2024-11-18_Flow.csv
2024-11-18 15:58:50 - Pcap stop listening
2024-11-23 21:48:33 - Pcap is listening...
2024-11-23 21:48:36 - path:D:\Flask\CICFlowmeter\bin\data\daily\2024-11-23_Flow.csv
2024-11-23 21:48:37 - Pcap stop listening
2024-11-23 21:50:49 - Pcap is listening...
2024-11-23 21:51:04 - path:D:\Flask\CICFlowmeter\bin\data\daily\2024-11-23_Flow.csv
2024-11-23 21:51:07 - Pcap stop listening
2024-11-23 22:25:26 - Pcap is listening...
2024-11-23 22:25:56 - path:D:\Flask\CICFlowmeter\bin\data\daily\2024-11-23_Flow.csv
2024-11-23 22:26:20 - Pcap is listening...
2024-11-23 22:27:35 - path:D:\Flask\CICFlowmeter\bin\data\daily\2024-11-23_Flow.csv
2024-11-23 22:28:04 - Pcap is listening...
2024-11-23 22:28:13 - path:D:\Flask\CICFlowmeter\bin\data\daily\2024-11-23_Flow.csv
2024-11-23 22:28:15 - Pcap stop listening
2024-11-23 22:29:09 - Pcap is listening...
2024-11-23 22:29:34 - path:D:\Flask\CICFlowmeter\bin\data\daily\2024-11-23_Flow.csv
2024-11-23 22:29:35 - Pcap stop listening
